dataBoradCast ^^^^^^^^^^^##########	PTHREAD_CHANGE_WAIT
detected voice input Null
begain to start Wakeup  
dataBoradCast ^^^^end  ####### _WAIT	writed
start from main func!!!!!!
0****************Aready**Wakeup
finish post first Sec Data @@
vad detected ended Speek
dataBoradCast ^^^^^^^^^^^##########	PTHREAD_CHANGE_WAIT
detected voice input Null
begain to start Wakeup  
dataBoradCast ^^^^end  ####### _WAIT	writed
0****************Aready**Wakeup
finish post first Sec Data @@
vad detected ended Speek
dataBoradCast ^^^^^^^^^^^##########	PTHREAD_CHANGE_WAIT
detected voice input Null
begain to start Wakeup  
dataBoradCast ^^^^end  ####### _WAIT	writed
start from main func!!!!!!
0****************Aready**Wakeup
finish post first Sec Data @@
vad detected ended Speek
dataBoradCast ^^^^^^^^^^^##########	PTHREAD_CHANGE_WAIT
detected voice input Null
begain to start Wakeup  
dataBoradCast ^^^^end  ####### _WAIT	writed
0****************Aready**Wakeup
finish post first Sec Data @@
vad detected ended Speek
dataBoradCast ^^^^^^^^^^^##########	PTHREAD_CHANGE_WAIT
detected voice input Null
begain to start Wakeup  
dataBoradCast ^^^^end  ####### _WAIT	writed
start from main func!!!!!!
0****************Aready**Wakeup
finish post first Sec Data @@
three Sec No speeking End WakeUp
detected voice input Null
dataBoradCast ^^^^^^^^^^^##########	PTHREAD_CHANGE_WAIT
begain to start Wakeup  
dataBoradCast ^^^^end  ####### _WAIT	writed
0****************Aready**Wakeup
finish post first Sec Data @@
three Sec No speeking End WakeUp
dataBoradCast ^^^^^^^^^^^##########	PTHREAD_CHANGE_WAIT
detected voice input Null
begain to start Wakeup  
dataBoradCast ^^^^end  ####### _WAIT	writed
0****************Aready**Wakeup
finish post first Sec Data @@
three Sec No speeking End WakeUp
dataBoradCast ^^^^^^^^^^^##########	PTHREAD_CHANGE_WAIT
detected voice input Null
begain to start Wakeup  
dataBoradCast ^^^^end  ####### _WAIT	writed
start from main func!!!!!!
0****************Aready**Wakeup
finish post first Sec Data @@
vad detected ended Speek
~~cmd~resOut-> 嗯。
begain to start Wakeup  
quesCmdBuf - 嗯。
dataBoradCast ^^^^^^^^^^^##########	PTHREAD_CHANGE_WAIT
dataBoradCast ^^^^end  ####### _WAIT	writed
start from main func!!!!!!
0****************Aready**Wakeup
finish post first Sec Data @@
vad detected ended Speek
dataBoradCast ^^^^^^^^^^^##########	PTHREAD_CHANGE_WAIT
detected voice input Null
begain to start Wakeup  
dataBoradCast ^^^^end  ####### _WAIT	writed
0****************Aready**Wakeup
finish post first Sec Data @@
vad detected ended Speek
dataBoradCast ^^^^^^^^^^^##########	PTHREAD_CHANGE_WAIT
detected voice input Null
begain to start Wakeup  
dataBoradCast ^^^^end  ####### _WAIT	writed
start from main func!!!!!!
0****************Aready**Wakeup
finish post first Sec Data @@
three Sec No speeking End WakeUp
detected voice input Null
dataBoradCast ^^^^^^^^^^^##########	PTHREAD_CHANGE_WAIT
begain to start Wakeup  
dataBoradCast ^^^^end  ####### _WAIT	writed
0****************Aready**Wakeup
finish post first Sec Data @@
vad detected ended Speek
dataBoradCast ^^^^^^^^^^^##########	PTHREAD_CHANGE_WAIT
detected voice input Null
begain to start Wakeup  
dataBoradCast ^^^^end  ####### _WAIT	writed
start from main func!!!!!!
0****************Aready**Wakeup
finish post first Sec Data @@
three Sec No speeking End WakeUp
detected voice input Null
dataBoradCast ^^^^^^^^^^^##########	PTHREAD_CHANGE_WAIT
begain to start Wakeup  
dataBoradCast ^^^^end  ####### _WAIT	writed
0****************Aready**Wakeup
finish post first Sec Data @@
three Sec No speeking End WakeUp
dataBoradCast ^^^^^^^^^^^##########	PTHREAD_CHANGE_WAIT
detected voice input Null
begain to start Wakeup  
dataBoradCast ^^^^end  ####### _WAIT	writed
start from main func!!!!!!
0****************Aready**Wakeup
finish post first Sec Data @@
vad detected ended Speek
start from main func!!!!!!
0****************Aready**Wakeup
finish post first Sec Data @@
vad detected ended Speek
detected voice input Null
dataBoradCast ^^^^^^^^^^^##########	PTHREAD_CHANGE_WAIT
begain to start Wakeup  
dataBoradCast ^^^^end  ####### _WAIT	writed
0****************Aready**Wakeup
finish post first Sec Data @@
vad detected ended Speek
begain to start Wakeup  
0****************Aready**Wakeup
finish post first Sec Data @@
vad detected ended Speek
detected voice input Null
dataBoradCast ^^^^^^^^^^^##########	PTHREAD_CHANGE_WAIT
begain to start Wakeup  
dataBoradCast ^^^^end  ####### _WAIT	writed
0****************Aready**Wakeup
finish post first Sec Data @@
vad detected ended Speek
~~cmd~resOut-> 帮忙翻译。
begain to start Wakeup  
quesCmdBuf - 帮忙翻译。
dataBoradCast ^^^^^^^^^^^##########	PTHREAD_CHANGE_WAIT
dataBoradCast ^^^^end  ####### _WAIT	writed
0****************Aready**Wakeup
finish post first Sec Data @@
vad detected ended Speek
begain to start Wakeup  
0****************Aready**Wakeup
finish post first Sec Data @@
vad detected ended Speek
begain to start Wakeup  
0****************Aready**Wakeup
finish post first Sec Data @@
three Sec No speeking End WakeUp
begain to start Wakeup  
start from main func!!!!!!
0****************Aready**Wakeup
finish post first Sec Data @@
vad detected ended Speek
begain to start Wakeup  
0****************Aready**Wakeup
finish post first Sec Data @@
vad detected ended Speek
begain to start Wakeup  
0****************Aready**Wakeup
finish post first Sec Data @@
vad detected ended Speek
begain to start Wakeup  
start from main func!!!!!!
start from main func!!!!!!
start from main func!!!!!!
start from main func!!!!!!
start from main func!!!!!!
start from main func!!!!!!
start from main func!!!!!!
start from main func!!!!!!
start from main func!!!!!!
start from main func!!!!!!
start from main func!!!!!!
start from main func!!!!!!
0****************Aready**Wakeup
finish post first Sec Data @@
vad detected ended Speek
quesCmdBuf - 
tts_text_"哈哈哈哈,这个我还在学习中,请给一点时间"		&
begain to start Wakeup  
dataBoradCast ^^^^^^^^^^^##########	PTHREAD_CHANGE_WAIT
dataBoradCast ^^^^end  ####### _WAIT	writed
0****************Aready**Wakeup
finish post first Sec Data @@
start from main func!!!!!!
0****************Aready**Wakeup
finish post first Sec Data @@
vad detected ended Speek
quesCmdBuf - 唱首歌听。
media_url_"http://fs.w.kugou.com/201802021557/c4c79ab2b770299a53cb815194d03c22/G081/M07/14/00/MZQEAFhK1fqAGpqnADMMgeRmQV4552.mp3"		&
http://fs.w.kugou.com/201802021557/c4c79ab2b770299a53cb815194d03c22/G081/M07/14/00/MZQEAFhK1fqAGpqnADMMgeRmQV4552.mp3
begain to start Wakeup  
data^^^^^^^^	sem_wait_pthread_change
dataBoradPlay^^^^^^^^^^^^_over_sem_
0****************Aready**Wakeup
finish post first Sec Data @@
vad detected ended Speek
quesCmdBuf - 换一首歌。
media_CommandMediaControl_"mediaNext"		&
quesCmdBuf - 放歌
media_url_"http://fs.w.kugou.com/201802021557/0b21d754d58e4056599e1b142ca71d78/G121/M05/1F/10/WZQEAFoR3vqAKACMAZ8crfY0X68819.mp3"		&
http://fs.w.kugou.com/201802021557/0b21d754d58e4056599e1b142ca71d78/G121/M05/1F/10/WZQEAFoR3vqAKACMAZ8crfY0X68819.mp3
begain to start Wakeup  
data^^^^^^^^	sem_wait_pthread_change
being closed  by others ^^^^
sem_wait paly Writed &&&&&&&&&&&&&&&&&&&&&&&&&&^
dataBoradPlay^^^^^^^^^^^^_over_sem_
0****************Aready**Wakeup
finish post first Sec Data @@
vad detected ended Speek
quesCmdBuf - 天气怎么样？
tts_text_"今天上海天气多云,-1度至7度。空气质量中度污染"		&
begain to start Wakeup  
dataBoradCast ^^^^^^^^^^^##########	PTHREAD_CHANGE_WAIT
being closed  by others ^^^^
sem_wait paly Writed &&&&&&&&&&&&&&&&&&&&&&&&&&^
0****************Aready**Wakeup
finish post first Sec Data @@
vad detected ended Speek
quesCmdBuf - 小子。
tts_text_"小子一般指的是年轻的男孩子，还有一种意思是指对方很小，看不起对方的意思"		&
begain to start Wakeup  
dataBoradCast ^^^^^^^^^^^##########	PTHREAD_CHANGE_WAIT
0****************Aready**Wakeup
finish post first Sec Data @@
vad detected ended Speek
quesCmdBuf - 唱一首歌。
media_url_"http://fs.w.kugou.com/201802021557/df92072158dbce9a3b6a32708ce28bf4/G019/M01/1B/15/s4YBAFVeMoCATe5pADcfBBP1qy8387.mp3"		&
http://fs.w.kugou.com/201802021557/df92072158dbce9a3b6a32708ce28bf4/G019/M01/1B/15/s4YBAFVeMoCATe5pADcfBBP1qy8387.mp3
begain to start Wakeup  
data^^^^^^^^	sem_wait_pthread_change
dataBoradCast ^^^^end  ####### _WAIT	writed
0****************Aready**Wakeup
finish post first Sec Data @@
vad detected ended Speek
quesCmdBuf - 换一首歌。
media_CommandMediaControl_"mediaNext"		&
quesCmdBuf - 放歌
media_url_"http://fs.w.kugou.com/201802021557/1718bda3beddb43edbd72b884e827df5/G102/M02/17/1F/pg0DAFkTy1SAT5gfADRHvcXkfv4378.mp3"		&
http://fs.w.kugou.com/201802021557/1718bda3beddb43edbd72b884e827df5/G102/M02/17/1F/pg0DAFkTy1SAT5gfADRHvcXkfv4378.mp3
begain to start Wakeup  
data^^^^^^^^	sem_wait_pthread_change
dataBoradCast ^^^^end  ####### _WAIT	writed
dataBoradPlay^^^^^^^^^^^^_over_sem_
0****************Aready**Wakeup
finish post first Sec Data @@
vad detected ended Speek
quesCmdBuf - 你好小志，运气怎么样？
tts_text_"哈哈哈哈,这个我还在学习中,请给一点时间"		&
begain to start Wakeup  
dataBoradCast ^^^^^^^^^^^##########	PTHREAD_CHANGE_WAIT
being closed  by others ^^^^
sem_wait paly Writed &&&&&&&&&&&&&&&&&&&&&&&&&&^
dataBoradPlay^^^^^^^^^^^^_over_sem_
0****************Aready**Wakeup
finish post first Sec Data @@
vad detected ended Speek
quesCmdBuf - 怎么样？
tts_text_"我的脾气很好哦，我们会成为好朋友的"		&
begain to start Wakeup  
dataBoradCast ^^^^^^^^^^^##########	PTHREAD_CHANGE_WAIT
being closed  by others ^^^^
sem_wait paly Writed &&&&&&&&&&&&&&&&&&&&&&&&&&^
dataBoradCast ^^^^end  ####### _WAIT	writed
dataBoradCast ^^^^end  ####### _WAIT	writed
0****************Aready**Wakeup
finish post first Sec Data @@
vad detected ended Speek
quesCmdBuf - 唱一首歌。
media_url_"http://fs.w.kugou.com/201802021558/6f77c3444ffd5e6996fe70b9d7e9f940/G004/M07/10/19/RA0DAFT7nyaATyp3ADunzB5wFmE688.mp3"		&
http://fs.w.kugou.com/201802021558/6f77c3444ffd5e6996fe70b9d7e9f940/G004/M07/10/19/RA0DAFT7nyaATyp3ADunzB5wFmE688.mp3
begain to start Wakeup  
data^^^^^^^^	sem_wait_pthread_change
dataBoradPlay^^^^^^^^^^^^_over_sem_
0