start from main func!!!!!!
start from main func!!!!!!
0****************Aready**Wakeup
finish post first Sec Data @@
vad detected ended Speek
~~cmd~resOut-> 明天的天气。
begain to start Wakeup  
0****************Aready**Wakeup
finish post first Sec Data @@
vad detected ended Speek
~~cmd~resOut-> 唱首歌。
begain to start Wakeup  
0****************Aready**Wakeup
finish post first Sec Data @@
vad detected ended Speek
~~cmd~resOut-> 来自何方。
begain to start Wakeup  
0****************Aready**Wakeup
finish post first Sec Data @@
vad detected ended Speek
~~cmd~resOut-> 播放。
begain to start Wakeup  
0****************Aready**Wakeup
finish post first Sec Data @@
vad detected ended Speek
~~cmd~resOut-> 漂亮。
begain to start Wakeup  
0****************Aready**Wakeup
finish post first Sec Data @@
vad detected ended Speek
~~cmd~resOut-> 来来来来来来来。
begain to start Wakeup  
0****************Aready**Wakeup
finish post first Sec Data @@
vad detected ended Speek
~~cmd~resOut-> 好样的。
begain to start Wakeup  
0****************Aready**Wakeup
finish post first Sec Data @@
vad detected ended Speek
detected voice input Null
dataBoradCast ^^^^^^^^^^^##########	PTHREAD_CHANGE_WAIT
begain to start Wakeup  
dataBoradCast ^^^^end  ####### _WAIT	writed
start from main func!!!!!!
0****************Aready**Wakeup
finish post first Sec Data @@
vad detected ended Speek
~~cmd~resOut-> 唱首歌。
begain to start Wakeup  
quesCmdBuf - 唱首歌。

0****************Aready**Wakeup
finish post first Sec Data @@
vad detected ended Speek
~~cmd~resOut-> 唱首歌。
begain to start Wakeup  
quesCmdBuf - 唱首歌。
http://fs.w.kugou.com/201801171408/813c8db58e4ddf6eb97b2c977e6c0bae/G020/M02/00/13/9JMEAFV-NYWAV5axAC3W-ls2qVM311.mp3
data^^^^^^^^	sem_wait_pthread_change
dataBoradPlay^^^^^^^^^^^^_over_sem_
0****************Aready**Wakeup
finish post first Sec Data @@
vad detected ended Speek
~~cmd~resOut-> 播放陈冠希的战争。
begain to start Wakeup  
quesCmdBuf - 播放陈冠希的战争。
http://fs.w.kugou.com/201801171409/b2877a76cb92ac0d541613d5e1cfba90/G010/M01/13/01/Sg0DAFUKhlGAXwkMADyR7sZjE9g884.mp3
data^^^^^^^^	sem_wait_pthread_change
being closed  by others ^^^^
sem_wait paly Writed &&&&&&&&&&&&&&&&&&&&&&&&&&^
dataBoradPlay^^^^^^^^^^^^_over_sem_
sem_wait paly Writed &&&&&&&&&&&&&&&&&&&&&&&&&&^
quesCmdBuf - 播放重庆魂
http://fs.w.kugou.com/201801171404/2aae9d5448c8897327392055375daa9f/G109/M07/01/13/rQ0DAFmz2yGAFkLNACqOB3IBCjk283.mp3
data^^^^^^^^	sem_wait_pthread_change
dataBoradPlay^^^^^^^^^^^^_over_sem_
start from main func!!!!!!
start from main func!!!!!!
0****************Aready**Wakeup
finish post first Sec Data @@
vad detected ended Speek
~~cmd~resOut-> 二首歌。
begain to start Wakeup  
quesCmdBuf - 二首歌。
dataBoradCast ^^^^^^^^^^^##########	PTHREAD_CHANGE_WAIT
dataBoradCast ^^^^end  ####### _WAIT	writed
0****************Aready**Wakeup
finish post first Sec Data @@
vad detected ended Speek
~~cmd~resOut-> 唱首歌听。
begain to start Wakeup  
quesCmdBuf - 唱首歌听。
http://fs.w.kugou.com/201801171452/061ed437ab3f327113b16b3f4fca266c/G019/M06/11/0F/s4YBAFU2go2APU_nAD2-OUpIQ0s564.mp3
data^^^^^^^^	sem_wait_pthread_change
dataBoradPlay^^^^^^^^^^^^_over_sem_
0****************Aready**Wakeup
finish post first Sec Data @@
vad detected ended Speek
~~cmd~resOut-> 播放。
begain to start Wakeup  
quesCmdBuf - 播放。
http://fs.w.kugou.com/201801171453/cb65257a1d72892cb07be93c16234f5d/G081/M05/1E/05/MZQEAFgvY92AIBdYADn8_o0RLYs244.mp3
data^^^^^^^^	sem_wait_pthread_change
being closed  by others ^^^^
sem_wait paly Writed &&&&&&&&&&&&&&&&&&&&&&&&&&^
dataBoradPlay^^^^^^^^^^^^_over_sem_
0****************Aready**Wakeup
finish post first Sec Data @@
vad detected ended Speek
begain to start Wakeup  
~~cmd~resOut-> 放首歌听。
quesCmdBuf - 放首歌听。
http://fs.w.kugou.com/201801171453/dc47f2042821a2e1701b9bbbd24469de/G105/M02/1F/17/qQ0DAFmKUxmAR9P6AB1VZMT7N9w143.mp3
data^^^^^^^^	sem_wait_pthread_change
being closed  by others ^^^^
sem_wait paly Writed &&&&&&&&&&&&&&&&&&&&&&&&&&^
dataBoradPlay^^^^^^^^^^^^_over_sem_
0****************Aready**Wakeup
finish post first Sec Data @@
vad detected ended Speek
~~cmd~resOut-> 天气。
begain to start Wakeup  
quesCmdBuf - 天气。
dataBoradCast ^^^^^^^^^^^##########	PTHREAD_CHANGE_WAIT
being closed  by others ^^^^
sem_wait paly Writed &&&&&&&&&&&&&&&&&&&&&&&&&&^
dataBoradCast ^^^^end  ####### _WAIT	writed
0****************Aready**Wakeup
finish post first Sec Data @@
vad detected ended Speek
~~cmd~resOut-> 啊不挑和。
begain to start Wakeup  
quesCmdBuf - 啊不挑和。
dataBoradCast ^^^^^^^^^^^##########	PTHREAD_CHANGE_WAIT
dataBoradCast ^^^^end  ####### _WAIT	writed
start from main func!!!!!!
0****************Aready**Wakeup
finish post first Sec Data @@
three Sec No speeking End WakeUp
detected voice input Null
dataBoradCast ^^^^^^^^^^^##########	PTHREAD_CHANGE_WAIT
begain to start Wakeup  
dataBoradCast ^^^^end  ####### _WAIT	writed
0****************Aready**Wakeup
finish post first Sec Data @@
three Sec No speeking End WakeUp
dataBoradCast ^^^^^^^^^^^##########	PTHREAD_CHANGE_WAIT
detected voice input Null
begain to start Wakeup  
dataBoradCast ^^^^end  ####### _WAIT	writed
0****************Aready**Wakeup
finish post first Sec Data @@
vad detected ended Speek
dataBoradCast ^^^^^^^^^^^##########	PTHREAD_CHANGE_WAIT
detected voice input Null
begain to start Wakeup  
dataBoradCast ^^^^end  ####### _WAIT	writed
0****************Aready**Wakeup
finish post first Sec Data @@
vad detected ended Speek
dataBoradCast ^^^^^^^^^^^##########	PTHREAD_CHANGE_WAIT
detected voice input Null
begain to start Wakeup  
dataBoradCast ^^^^end  ####### _WAIT	writed
start from main func!!!!!!
0****************Aready**Wakeup
finish post first Sec Data @@
vad detected ended Speek
dataBoradCast ^^^^^^^^^^^##########	PTHREAD_CHANGE_WAIT
detected voice input Null
begain to start Wakeup  
dataBoradCast ^^^^end  ####### _WAIT	writed
0****************Aready**Wakeup
finish post first Sec Data @@
vad detected ended Speek
~~cmd~resOut-> 说吧。
begain to start Wakeup  
quesCmdBuf - 说吧。
dataBoradCast ^^^^^^^^^^^##########	PTHREAD_CHANGE_WAIT
dataBoradCast ^^^^end  ####### _WAIT	writed
0****************Aready**Wakeup
finish post first Sec Data @@
vad detected ended Speek
dataBoradCast ^^^^^^^^^^^##########	PTHREAD_CHANGE_WAIT
detected voice input Null
begain to start Wakeup  
dataBoradCast ^^^^end  ####### _WAIT	writed
0****************Aready**Wakeup
finish post first Sec Data @@
vad detected ended Speek
dataBoradCast ^^^^^^^^^^^##########	PTHREAD_CHANGE_WAIT
detected voice input Null
begain to start Wakeup  
dataBoradCast ^^^^end  ####### _WAIT	writed
0****************Aready**Wakeup
finish post first Sec Data @@
three Sec No speeking End WakeUp
dataBoradCast ^^^^^^^^^^^##########	PTHREAD_CHANGE_WAIT
detected voice input Null
begain to start Wakeup  
dataBoradCast ^^^^end  ####### _WAIT	writed
start from main func!!!!!!
0****************Aready**Wakeup
finish post first Sec Data @@
three Sec No speeking End WakeUp
detected voice input Null
dataBoradCast ^^^^^^^^^^^##########	PTHREAD_CHANGE_WAIT
begain to start Wakeup  
dataBoradCast ^^^^end  ####### _WAIT	writed
0****************Aready**Wakeup
finish post first Sec Data @@
three Sec No speeking End WakeUp
dataBoradCast ^^^^^^^^^^^##########	PTHREAD_CHANGE_WAIT
detected voice input Null
begain to start Wakeup  
dataBoradCast ^^^^end  ####### _WAIT	writed
0****************Aready**Wakeup
finish post first Sec Data @@
vad detected ended Speek
dataBoradCast ^^^^^^^^^^^##########	PTHREAD_CHANGE_WAIT
detected voice input Null
begain to start Wakeup  
dataBoradCast ^^^^end  ####### _WAIT	writed
0****************Aready**Wakeup
finish post first Sec Data @@
three Sec No speeking End WakeUp
dataBoradCast ^^^^^^^^^^^##########	PTHREAD_CHANGE_WAIT
detected voice input Null
begain to start Wakeup  
dataBoradCast ^^^^end  ####### _WAIT	writed
start from main func!!!!!!
0****************Aready**Wakeup
finish post first Sec Data @@
vad detected ended Speek
dataBoradCast ^^^^^^^^^^^##########	PTHREAD_CHANGE_WAIT
detected voice input Null
begain to start Wakeup  
dataBoradCast ^^^^end  ####### _WAIT	writed
0****************Aready**Wakeup
finish post first Sec Data @@
vad detected ended Speek
dataBoradCast ^^^^^^^^^^^##########	PTHREAD_CHANGE_WAIT
detected voice input Null
begain to start Wakeup  
dataBoradCast ^^^^end  ####### _WAIT	writed
0****************Aready**Wakeup
finish post first Sec Data @@
three Sec No speeking End WakeUp
dataBoradCast ^^^^^^^^^^^##########	PTHREAD_CHANGE_WAIT
detected voice input Null
begain to start Wakeup  
dataBoradCast ^^^^end  ####### _WAIT	writed
0****************Aready**Wakeup
finish post first Sec Data @@
three Sec No speeking End WakeUp
dataBoradCast ^^^^^^^^^^^##########	PTHREAD_CHANGE_WAIT
detected voice input Null
begain to start Wakeup  
dataBoradCast ^^^^end  ####### _WAIT	writed
start from main func!!!!!!
0****************Aready**Wakeup
finish post first Sec Data @@
three Sec No speeking End WakeUp
dataBoradCast ^^^^^^^^^^^##########	PTHREAD_CHANGE_WAIT
detected voice input Null
begain to start Wakeup  
dataBoradCast ^^^^end  ####### _WAIT	writed
0****************Aready**Wakeup
finish post first Sec Data @@
vad detected ended Speek
~~cmd~resOut-> 唱首歌听。
begain to start Wakeup  
quesCmdBuf - 唱首歌听。
http://fs.w.kugou.com/201801171501/7df022f5c5bed6887acb707d73e9e4cf/G024/M06/10/07/-JMEAFWNMo2AGg7PACsXfsrX9RA859.mp3
data^^^^^^^^	sem_wait_pthread_change
dataBoradPlay^^^^^^^^^^^^_over_sem_
start from main func!!!!!!
0****************Aready**Wakeup
finish post first Sec Data @@
three Sec No speeking End WakeUp
dataBoradCast ^^^^^^^^^^^##########	PTHREAD_CHANGE_WAIT
detected voice input Null
begain to start Wakeup  
dataBoradCast ^^^^end  ####### _WAIT	writed
0****************Aready**Wakeup
finish post first Sec Data @@
three Sec No speeking End WakeUp
dataBoradCast ^^^^^^^^^^^##########	PTHREAD_CHANGE_WAIT
detected voice input Null
begain to start Wakeup  
dataBoradCast ^^^^end  ####### _WAIT	writed
0****************Aready**Wakeup
finish post first Sec Data @@
three Sec No speeking End WakeUp
